The system is: Linux - 2.6.32-504.16.2.el6.x86_64 - x86_64
Compiling the C compiler identification source file "CMakeCCompilerId.c" succeeded.
Compiler: /usr/local/IT/gcc-4.8.1/bin/gcc 
Build flags: 
Id flags: 

The output was:
0


Compilation of the C compiler identification source "CMakeCCompilerId.c" produced "a.out"

The C compiler identification is GNU, found in "/usr3/graduate/zhanli86/Programs/canupo/python/build/CMakeFiles/2.8.12.2/CompilerIdC/a.out"

Compiling the CXX compiler identification source file "CMakeCXXCompilerId.cpp" succeeded.
Compiler: /usr/local/IT/gcc-4.8.1/bin/g++ 
Build flags: 
Id flags: 

The output was:
0


Compilation of the CXX compiler identification source "CMakeCXXCompilerId.cpp" produced "a.out"

The CXX compiler identification is GNU, found in "/usr3/graduate/zhanli86/Programs/canupo/python/build/CMakeFiles/2.8.12.2/CompilerIdCXX/a.out"

Determining if the C compiler works passed with the following output:
Change Dir: /usr3/graduate/zhanli86/Programs/canupo/python/build/CMakeFiles/CMakeTmp

Run Build Command:/usr/bin/gmake "cmTryCompileExec1402303853/fast"
/usr/bin/gmake -f CMakeFiles/cmTryCompileExec1402303853.dir/build.make CMakeFiles/cmTryCompileExec1402303853.dir/build
gmake[1]: Entering directory `/usr3/graduate/zhanli86/Programs/canupo/python/build/CMakeFiles/CMakeTmp'
/usr/local/IT/cmake-2.8.12/bin/cmake -E cmake_progress_report /usr3/graduate/zhanli86/Programs/canupo/python/build/CMakeFiles/CMakeTmp/CMakeFiles 1
Building C object CMakeFiles/cmTryCompileExec1402303853.dir/testCCompiler.c.o
/usr/local/IT/gcc-4.8.1/bin/gcc    -o CMakeFiles/cmTryCompileExec1402303853.dir/testCCompiler.c.o   -c /usr3/graduate/zhanli86/Programs/canupo/python/build/CMakeFiles/CMakeTmp/testCCompiler.c
Linking C executable cmTryCompileExec1402303853
/usr/local/IT/cmake-2.8.12/bin/cmake -E cmake_link_script CMakeFiles/cmTryCompileExec1402303853.dir/link.txt --verbose=1
/usr/local/IT/gcc-4.8.1/bin/gcc       CMakeFiles/cmTryCompileExec1402303853.dir/testCCompiler.c.o  -o cmTryCompileExec1402303853 -rdynamic 
gmake[1]: Leaving directory `/usr3/graduate/zhanli86/Programs/canupo/python/build/CMakeFiles/CMakeTmp'


Detecting C compiler ABI info compiled with the following output:
Change Dir: /usr3/graduate/zhanli86/Programs/canupo/python/build/CMakeFiles/CMakeTmp

Run Build Command:/usr/bin/gmake "cmTryCompileExec2448769397/fast"
/usr/bin/gmake -f CMakeFiles/cmTryCompileExec2448769397.dir/build.make CMakeFiles/cmTryCompileExec2448769397.dir/build
gmake[1]: Entering directory `/usr3/graduate/zhanli86/Programs/canupo/python/build/CMakeFiles/CMakeTmp'
/usr/local/IT/cmake-2.8.12/bin/cmake -E cmake_progress_report /usr3/graduate/zhanli86/Programs/canupo/python/build/CMakeFiles/CMakeTmp/CMakeFiles 1
Building C object CMakeFiles/cmTryCompileExec2448769397.dir/CMakeCCompilerABI.c.o
/usr/local/IT/gcc-4.8.1/bin/gcc    -o CMakeFiles/cmTryCompileExec2448769397.dir/CMakeCCompilerABI.c.o   -c /usr/local/IT/cmake-2.8.12/share/cmake-2.8/Modules/CMakeCCompilerABI.c
Linking C executable cmTryCompileExec2448769397
/usr/local/IT/cmake-2.8.12/bin/cmake -E cmake_link_script CMakeFiles/cmTryCompileExec2448769397.dir/link.txt --verbose=1
/usr/local/IT/gcc-4.8.1/bin/gcc     -v CMakeFiles/cmTryCompileExec2448769397.dir/CMakeCCompilerABI.c.o  -o cmTryCompileExec2448769397 -rdynamic  
Using built-in specs.
COLLECT_GCC=/usr/local/IT/gcc-4.8.1/bin/gcc
COLLECT_LTO_WRAPPER=/usr/local/IT/gcc-4.8.1/libexec/gcc/x86_64-unknown-linux-gnu/4.8.1/lto-wrapper
Target: x86_64-unknown-linux-gnu
Configured with: ./configure --prefix=/usr/local/IT/gcc-4.8.1
Thread model: posix
gcc version 4.8.1 (GCC) 
COMPILER_PATH=/usr/local/IT/gcc-4.8.1/libexec/gcc/x86_64-unknown-linux-gnu/4.8.1/:/usr/local/IT/gcc-4.8.1/libexec/gcc/x86_64-unknown-linux-gnu/4.8.1/:/usr/local/IT/gcc-4.8.1/libexec/gcc/x86_64-unknown-linux-gnu/:/usr/local/IT/gcc-4.8.1/lib/gcc/x86_64-unknown-linux-gnu/4.8.1/:/usr/local/IT/gcc-4.8.1/lib/gcc/x86_64-unknown-linux-gnu/
LIBRARY_PATH=/usr/local/IT/gcc-4.8.1/lib/gcc/x86_64-unknown-linux-gnu/4.8.1/:/usr/local/IT/gcc-4.8.1/lib/gcc/x86_64-unknown-linux-gnu/4.8.1/../../../../lib64/:/lib/../lib64/:/usr/lib/../lib64/:/usr/local/IT/gcc-4.8.1/lib/gcc/x86_64-unknown-linux-gnu/4.8.1/../../../:/lib/:/usr/lib/
COLLECT_GCC_OPTIONS='-v' '-o' 'cmTryCompileExec2448769397' '-rdynamic' '-mtune=generic' '-march=x86-64'
 /usr/local/IT/gcc-4.8.1/libexec/gcc/x86_64-unknown-linux-gnu/4.8.1/collect2 --eh-frame-hdr -m elf_x86_64 -export-dynamic -dynamic-linker /lib64/ld-linux-x86-64.so.2 -o cmTryCompileExec2448769397 /usr/lib/../lib64/crt1.o /usr/lib/../lib64/crti.o /usr/local/IT/gcc-4.8.1/lib/gcc/x86_64-unknown-linux-gnu/4.8.1/crtbegin.o -L/usr/local/IT/gcc-4.8.1/lib/gcc/x86_64-unknown-linux-gnu/4.8.1 -L/usr/local/IT/gcc-4.8.1/lib/gcc/x86_64-unknown-linux-gnu/4.8.1/../../../../lib64 -L/lib/../lib64 -L/usr/lib/../lib64 -L/usr/local/IT/gcc-4.8.1/lib/gcc/x86_64-unknown-linux-gnu/4.8.1/../../.. CMakeFiles/cmTryCompileExec2448769397.dir/CMakeCCompilerABI.c.o -lgcc --as-needed -lgcc_s --no-as-needed -lc -lgcc --as-needed -lgcc_s --no-as-needed /usr/local/IT/gcc-4.8.1/lib/gcc/x86_64-unknown-linux-gnu/4.8.1/crtend.o /usr/lib/../lib64/crtn.o
gmake[1]: Leaving directory `/usr3/graduate/zhanli86/Programs/canupo/python/build/CMakeFiles/CMakeTmp'


Parsed C implicit link information from above output:
  link line regex: [^( *|.*[/\])(ld|([^/\]+-)?ld|collect2)[^/\]*( |$)]
  ignore line: [Change Dir: /usr3/graduate/zhanli86/Programs/canupo/python/build/CMakeFiles/CMakeTmp]
  ignore line: []
  ignore line: [Run Build Command:/usr/bin/gmake "cmTryCompileExec2448769397/fast"]
  ignore line: [/usr/bin/gmake -f CMakeFiles/cmTryCompileExec2448769397.dir/build.make CMakeFiles/cmTryCompileExec2448769397.dir/build]
  ignore line: [gmake[1]: Entering directory `/usr3/graduate/zhanli86/Programs/canupo/python/build/CMakeFiles/CMakeTmp']
  ignore line: [/usr/local/IT/cmake-2.8.12/bin/cmake -E cmake_progress_report /usr3/graduate/zhanli86/Programs/canupo/python/build/CMakeFiles/CMakeTmp/CMakeFiles 1]
  ignore line: [Building C object CMakeFiles/cmTryCompileExec2448769397.dir/CMakeCCompilerABI.c.o]
  ignore line: [/usr/local/IT/gcc-4.8.1/bin/gcc    -o CMakeFiles/cmTryCompileExec2448769397.dir/CMakeCCompilerABI.c.o   -c /usr/local/IT/cmake-2.8.12/share/cmake-2.8/Modules/CMakeCCompilerABI.c]
  ignore line: [Linking C executable cmTryCompileExec2448769397]
  ignore line: [/usr/local/IT/cmake-2.8.12/bin/cmake -E cmake_link_script CMakeFiles/cmTryCompileExec2448769397.dir/link.txt --verbose=1]
  ignore line: [/usr/local/IT/gcc-4.8.1/bin/gcc     -v CMakeFiles/cmTryCompileExec2448769397.dir/CMakeCCompilerABI.c.o  -o cmTryCompileExec2448769397 -rdynamic  ]
  ignore line: [Using built-in specs.]
  ignore line: [COLLECT_GCC=/usr/local/IT/gcc-4.8.1/bin/gcc]
  ignore line: [COLLECT_LTO_WRAPPER=/usr/local/IT/gcc-4.8.1/libexec/gcc/x86_64-unknown-linux-gnu/4.8.1/lto-wrapper]
  ignore line: [Target: x86_64-unknown-linux-gnu]
  ignore line: [Configured with: ./configure --prefix=/usr/local/IT/gcc-4.8.1]
  ignore line: [Thread model: posix]
  ignore line: [gcc version 4.8.1 (GCC) ]
  ignore line: [COMPILER_PATH=/usr/local/IT/gcc-4.8.1/libexec/gcc/x86_64-unknown-linux-gnu/4.8.1/:/usr/local/IT/gcc-4.8.1/libexec/gcc/x86_64-unknown-linux-gnu/4.8.1/:/usr/local/IT/gcc-4.8.1/libexec/gcc/x86_64-unknown-linux-gnu/:/usr/local/IT/gcc-4.8.1/lib/gcc/x86_64-unknown-linux-gnu/4.8.1/:/usr/local/IT/gcc-4.8.1/lib/gcc/x86_64-unknown-linux-gnu/]
  ignore line: [LIBRARY_PATH=/usr/local/IT/gcc-4.8.1/lib/gcc/x86_64-unknown-linux-gnu/4.8.1/:/usr/local/IT/gcc-4.8.1/lib/gcc/x86_64-unknown-linux-gnu/4.8.1/../../../../lib64/:/lib/../lib64/:/usr/lib/../lib64/:/usr/local/IT/gcc-4.8.1/lib/gcc/x86_64-unknown-linux-gnu/4.8.1/../../../:/lib/:/usr/lib/]
  ignore line: [COLLECT_GCC_OPTIONS='-v' '-o' 'cmTryCompileExec2448769397' '-rdynamic' '-mtune=generic' '-march=x86-64']
  link line: [ /usr/local/IT/gcc-4.8.1/libexec/gcc/x86_64-unknown-linux-gnu/4.8.1/collect2 --eh-frame-hdr -m elf_x86_64 -export-dynamic -dynamic-linker /lib64/ld-linux-x86-64.so.2 -o cmTryCompileExec2448769397 /usr/lib/../lib64/crt1.o /usr/lib/../lib64/crti.o /usr/local/IT/gcc-4.8.1/lib/gcc/x86_64-unknown-linux-gnu/4.8.1/crtbegin.o -L/usr/local/IT/gcc-4.8.1/lib/gcc/x86_64-unknown-linux-gnu/4.8.1 -L/usr/local/IT/gcc-4.8.1/lib/gcc/x86_64-unknown-linux-gnu/4.8.1/../../../../lib64 -L/lib/../lib64 -L/usr/lib/../lib64 -L/usr/local/IT/gcc-4.8.1/lib/gcc/x86_64-unknown-linux-gnu/4.8.1/../../.. CMakeFiles/cmTryCompileExec2448769397.dir/CMakeCCompilerABI.c.o -lgcc --as-needed -lgcc_s --no-as-needed -lc -lgcc --as-needed -lgcc_s --no-as-needed /usr/local/IT/gcc-4.8.1/lib/gcc/x86_64-unknown-linux-gnu/4.8.1/crtend.o /usr/lib/../lib64/crtn.o]
    arg [/usr/local/IT/gcc-4.8.1/libexec/gcc/x86_64-unknown-linux-gnu/4.8.1/collect2] ==> ignore
    arg [--eh-frame-hdr] ==> ignore
    arg [-m] ==> ignore
    arg [elf_x86_64] ==> ignore
    arg [-export-dynamic] ==> ignore
    arg [-dynamic-linker] ==> ignore
    arg [/lib64/ld-linux-x86-64.so.2] ==> ignore
    arg [-o] ==> ignore
    arg [cmTryCompileExec2448769397] ==> ignore
    arg [/usr/lib/../lib64/crt1.o] ==> ignore
    arg [/usr/lib/../lib64/crti.o] ==> ignore
    arg [/usr/local/IT/gcc-4.8.1/lib/gcc/x86_64-unknown-linux-gnu/4.8.1/crtbegin.o] ==> ignore
    arg [-L/usr/local/IT/gcc-4.8.1/lib/gcc/x86_64-unknown-linux-gnu/4.8.1] ==> dir [/usr/local/IT/gcc-4.8.1/lib/gcc/x86_64-unknown-linux-gnu/4.8.1]
    arg [-L/usr/local/IT/gcc-4.8.1/lib/gcc/x86_64-unknown-linux-gnu/4.8.1/../../../../lib64] ==> dir [/usr/local/IT/gcc-4.8.1/lib/gcc/x86_64-unknown-linux-gnu/4.8.1/../../../../lib64]
    arg [-L/lib/../lib64] ==> dir [/lib/../lib64]
    arg [-L/usr/lib/../lib64] ==> dir [/usr/lib/../lib64]
    arg [-L/usr/local/IT/gcc-4.8.1/lib/gcc/x86_64-unknown-linux-gnu/4.8.1/../../..] ==> dir [/usr/local/IT/gcc-4.8.1/lib/gcc/x86_64-unknown-linux-gnu/4.8.1/../../..]
    arg [CMakeFiles/cmTryCompileExec2448769397.dir/CMakeCCompilerABI.c.o] ==> ignore
    arg [-lgcc] ==> lib [gcc]
    arg [--as-needed] ==> ignore
    arg [-lgcc_s] ==> lib [gcc_s]
    arg [--no-as-needed] ==> ignore
    arg [-lc] ==> lib [c]
    arg [-lgcc] ==> lib [gcc]
    arg [--as-needed] ==> ignore
    arg [-lgcc_s] ==> lib [gcc_s]
    arg [--no-as-needed] ==> ignore
    arg [/usr/local/IT/gcc-4.8.1/lib/gcc/x86_64-unknown-linux-gnu/4.8.1/crtend.o] ==> ignore
    arg [/usr/lib/../lib64/crtn.o] ==> ignore
  remove lib [gcc]
  remove lib [gcc_s]
  remove lib [gcc]
  remove lib [gcc_s]
  collapse library dir [/usr/local/IT/gcc-4.8.1/lib/gcc/x86_64-unknown-linux-gnu/4.8.1] ==> [/usr/local/IT/gcc-4.8.1/lib/gcc/x86_64-unknown-linux-gnu/4.8.1]
  collapse library dir [/usr/local/IT/gcc-4.8.1/lib/gcc/x86_64-unknown-linux-gnu/4.8.1/../../../../lib64] ==> [/usr/local/IT/gcc-4.8.1/lib64]
  collapse library dir [/lib/../lib64] ==> [/lib64]
  collapse library dir [/usr/lib/../lib64] ==> [/usr/lib64]
  collapse library dir [/usr/local/IT/gcc-4.8.1/lib/gcc/x86_64-unknown-linux-gnu/4.8.1/../../..] ==> [/usr/local/IT/gcc-4.8.1/lib]
  implicit libs: [c]
  implicit dirs: [/usr/local/IT/gcc-4.8.1/lib/gcc/x86_64-unknown-linux-gnu/4.8.1;/usr/local/IT/gcc-4.8.1/lib64;/lib64;/usr/lib64;/usr/local/IT/gcc-4.8.1/lib]
  implicit fwks: []


Determining if the CXX compiler works passed with the following output:
Change Dir: /usr3/graduate/zhanli86/Programs/canupo/python/build/CMakeFiles/CMakeTmp

Run Build Command:/usr/bin/gmake "cmTryCompileExec3095708312/fast"
/usr/bin/gmake -f CMakeFiles/cmTryCompileExec3095708312.dir/build.make CMakeFiles/cmTryCompileExec3095708312.dir/build
gmake[1]: Entering directory `/usr3/graduate/zhanli86/Programs/canupo/python/build/CMakeFiles/CMakeTmp'
/usr/local/IT/cmake-2.8.12/bin/cmake -E cmake_progress_report /usr3/graduate/zhanli86/Programs/canupo/python/build/CMakeFiles/CMakeTmp/CMakeFiles 1
Building CXX object CMakeFiles/cmTryCompileExec3095708312.dir/testCXXCompiler.cxx.o
/usr/local/IT/gcc-4.8.1/bin/g++     -o CMakeFiles/cmTryCompileExec3095708312.dir/testCXXCompiler.cxx.o -c /usr3/graduate/zhanli86/Programs/canupo/python/build/CMakeFiles/CMakeTmp/testCXXCompiler.cxx
Linking CXX executable cmTryCompileExec3095708312
/usr/local/IT/cmake-2.8.12/bin/cmake -E cmake_link_script CMakeFiles/cmTryCompileExec3095708312.dir/link.txt --verbose=1
/usr/local/IT/gcc-4.8.1/bin/g++        CMakeFiles/cmTryCompileExec3095708312.dir/testCXXCompiler.cxx.o  -o cmTryCompileExec3095708312 -rdynamic 
gmake[1]: Leaving directory `/usr3/graduate/zhanli86/Programs/canupo/python/build/CMakeFiles/CMakeTmp'


Detecting CXX compiler ABI info compiled with the following output:
Change Dir: /usr3/graduate/zhanli86/Programs/canupo/python/build/CMakeFiles/CMakeTmp

Run Build Command:/usr/bin/gmake "cmTryCompileExec2735279724/fast"
/usr/bin/gmake -f CMakeFiles/cmTryCompileExec2735279724.dir/build.make CMakeFiles/cmTryCompileExec2735279724.dir/build
gmake[1]: Entering directory `/usr3/graduate/zhanli86/Programs/canupo/python/build/CMakeFiles/CMakeTmp'
/usr/local/IT/cmake-2.8.12/bin/cmake -E cmake_progress_report /usr3/graduate/zhanli86/Programs/canupo/python/build/CMakeFiles/CMakeTmp/CMakeFiles 1
Building CXX object CMakeFiles/cmTryCompileExec2735279724.dir/CMakeCXXCompilerABI.cpp.o
/usr/local/IT/gcc-4.8.1/bin/g++     -o CMakeFiles/cmTryCompileExec2735279724.dir/CMakeCXXCompilerABI.cpp.o -c /usr/local/IT/cmake-2.8.12/share/cmake-2.8/Modules/CMakeCXXCompilerABI.cpp
Linking CXX executable cmTryCompileExec2735279724
/usr/local/IT/cmake-2.8.12/bin/cmake -E cmake_link_script CMakeFiles/cmTryCompileExec2735279724.dir/link.txt --verbose=1
/usr/local/IT/gcc-4.8.1/bin/g++      -v CMakeFiles/cmTryCompileExec2735279724.dir/CMakeCXXCompilerABI.cpp.o  -o cmTryCompileExec2735279724 -rdynamic  
Using built-in specs.
COLLECT_GCC=/usr/local/IT/gcc-4.8.1/bin/g++
COLLECT_LTO_WRAPPER=/usr/local/IT/gcc-4.8.1/libexec/gcc/x86_64-unknown-linux-gnu/4.8.1/lto-wrapper
Target: x86_64-unknown-linux-gnu
Configured with: ./configure --prefix=/usr/local/IT/gcc-4.8.1
Thread model: posix
gcc version 4.8.1 (GCC) 
COMPILER_PATH=/usr/local/IT/gcc-4.8.1/libexec/gcc/x86_64-unknown-linux-gnu/4.8.1/:/usr/local/IT/gcc-4.8.1/libexec/gcc/x86_64-unknown-linux-gnu/4.8.1/:/usr/local/IT/gcc-4.8.1/libexec/gcc/x86_64-unknown-linux-gnu/:/usr/local/IT/gcc-4.8.1/lib/gcc/x86_64-unknown-linux-gnu/4.8.1/:/usr/local/IT/gcc-4.8.1/lib/gcc/x86_64-unknown-linux-gnu/
LIBRARY_PATH=/usr/local/IT/gcc-4.8.1/lib/gcc/x86_64-unknown-linux-gnu/4.8.1/:/usr/local/IT/gcc-4.8.1/lib/gcc/x86_64-unknown-linux-gnu/4.8.1/../../../../lib64/:/lib/../lib64/:/usr/lib/../lib64/:/usr/local/IT/gcc-4.8.1/lib/gcc/x86_64-unknown-linux-gnu/4.8.1/../../../:/lib/:/usr/lib/
COLLECT_GCC_OPTIONS='-v' '-o' 'cmTryCompileExec2735279724' '-rdynamic' '-shared-libgcc' '-mtune=generic' '-march=x86-64'
 /usr/local/IT/gcc-4.8.1/libexec/gcc/x86_64-unknown-linux-gnu/4.8.1/collect2 --eh-frame-hdr -m elf_x86_64 -export-dynamic -dynamic-linker /lib64/ld-linux-x86-64.so.2 -o cmTryCompileExec2735279724 /usr/lib/../lib64/crt1.o /usr/lib/../lib64/crti.o /usr/local/IT/gcc-4.8.1/lib/gcc/x86_64-unknown-linux-gnu/4.8.1/crtbegin.o -L/usr/local/IT/gcc-4.8.1/lib/gcc/x86_64-unknown-linux-gnu/4.8.1 -L/usr/local/IT/gcc-4.8.1/lib/gcc/x86_64-unknown-linux-gnu/4.8.1/../../../../lib64 -L/lib/../lib64 -L/usr/lib/../lib64 -L/usr/local/IT/gcc-4.8.1/lib/gcc/x86_64-unknown-linux-gnu/4.8.1/../../.. CMakeFiles/cmTryCompileExec2735279724.dir/CMakeCXXCompilerABI.cpp.o -lstdc++ -lm -lgcc_s -lgcc -lc -lgcc_s -lgcc /usr/local/IT/gcc-4.8.1/lib/gcc/x86_64-unknown-linux-gnu/4.8.1/crtend.o /usr/lib/../lib64/crtn.o
gmake[1]: Leaving directory `/usr3/graduate/zhanli86/Programs/canupo/python/build/CMakeFiles/CMakeTmp'


Parsed CXX implicit link information from above output:
  link line regex: [^( *|.*[/\])(ld|([^/\]+-)?ld|collect2)[^/\]*( |$)]
  ignore line: [Change Dir: /usr3/graduate/zhanli86/Programs/canupo/python/build/CMakeFiles/CMakeTmp]
  ignore line: []
  ignore line: [Run Build Command:/usr/bin/gmake "cmTryCompileExec2735279724/fast"]
  ignore line: [/usr/bin/gmake -f CMakeFiles/cmTryCompileExec2735279724.dir/build.make CMakeFiles/cmTryCompileExec2735279724.dir/build]
  ignore line: [gmake[1]: Entering directory `/usr3/graduate/zhanli86/Programs/canupo/python/build/CMakeFiles/CMakeTmp']
  ignore line: [/usr/local/IT/cmake-2.8.12/bin/cmake -E cmake_progress_report /usr3/graduate/zhanli86/Programs/canupo/python/build/CMakeFiles/CMakeTmp/CMakeFiles 1]
  ignore line: [Building CXX object CMakeFiles/cmTryCompileExec2735279724.dir/CMakeCXXCompilerABI.cpp.o]
  ignore line: [/usr/local/IT/gcc-4.8.1/bin/g++     -o CMakeFiles/cmTryCompileExec2735279724.dir/CMakeCXXCompilerABI.cpp.o -c /usr/local/IT/cmake-2.8.12/share/cmake-2.8/Modules/CMakeCXXCompilerABI.cpp]
  ignore line: [Linking CXX executable cmTryCompileExec2735279724]
  ignore line: [/usr/local/IT/cmake-2.8.12/bin/cmake -E cmake_link_script CMakeFiles/cmTryCompileExec2735279724.dir/link.txt --verbose=1]
  ignore line: [/usr/local/IT/gcc-4.8.1/bin/g++      -v CMakeFiles/cmTryCompileExec2735279724.dir/CMakeCXXCompilerABI.cpp.o  -o cmTryCompileExec2735279724 -rdynamic  ]
  ignore line: [Using built-in specs.]
  ignore line: [COLLECT_GCC=/usr/local/IT/gcc-4.8.1/bin/g++]
  ignore line: [COLLECT_LTO_WRAPPER=/usr/local/IT/gcc-4.8.1/libexec/gcc/x86_64-unknown-linux-gnu/4.8.1/lto-wrapper]
  ignore line: [Target: x86_64-unknown-linux-gnu]
  ignore line: [Configured with: ./configure --prefix=/usr/local/IT/gcc-4.8.1]
  ignore line: [Thread model: posix]
  ignore line: [gcc version 4.8.1 (GCC) ]
  ignore line: [COMPILER_PATH=/usr/local/IT/gcc-4.8.1/libexec/gcc/x86_64-unknown-linux-gnu/4.8.1/:/usr/local/IT/gcc-4.8.1/libexec/gcc/x86_64-unknown-linux-gnu/4.8.1/:/usr/local/IT/gcc-4.8.1/libexec/gcc/x86_64-unknown-linux-gnu/:/usr/local/IT/gcc-4.8.1/lib/gcc/x86_64-unknown-linux-gnu/4.8.1/:/usr/local/IT/gcc-4.8.1/lib/gcc/x86_64-unknown-linux-gnu/]
  ignore line: [LIBRARY_PATH=/usr/local/IT/gcc-4.8.1/lib/gcc/x86_64-unknown-linux-gnu/4.8.1/:/usr/local/IT/gcc-4.8.1/lib/gcc/x86_64-unknown-linux-gnu/4.8.1/../../../../lib64/:/lib/../lib64/:/usr/lib/../lib64/:/usr/local/IT/gcc-4.8.1/lib/gcc/x86_64-unknown-linux-gnu/4.8.1/../../../:/lib/:/usr/lib/]
  ignore line: [COLLECT_GCC_OPTIONS='-v' '-o' 'cmTryCompileExec2735279724' '-rdynamic' '-shared-libgcc' '-mtune=generic' '-march=x86-64']
  link line: [ /usr/local/IT/gcc-4.8.1/libexec/gcc/x86_64-unknown-linux-gnu/4.8.1/collect2 --eh-frame-hdr -m elf_x86_64 -export-dynamic -dynamic-linker /lib64/ld-linux-x86-64.so.2 -o cmTryCompileExec2735279724 /usr/lib/../lib64/crt1.o /usr/lib/../lib64/crti.o /usr/local/IT/gcc-4.8.1/lib/gcc/x86_64-unknown-linux-gnu/4.8.1/crtbegin.o -L/usr/local/IT/gcc-4.8.1/lib/gcc/x86_64-unknown-linux-gnu/4.8.1 -L/usr/local/IT/gcc-4.8.1/lib/gcc/x86_64-unknown-linux-gnu/4.8.1/../../../../lib64 -L/lib/../lib64 -L/usr/lib/../lib64 -L/usr/local/IT/gcc-4.8.1/lib/gcc/x86_64-unknown-linux-gnu/4.8.1/../../.. CMakeFiles/cmTryCompileExec2735279724.dir/CMakeCXXCompilerABI.cpp.o -lstdc++ -lm -lgcc_s -lgcc -lc -lgcc_s -lgcc /usr/local/IT/gcc-4.8.1/lib/gcc/x86_64-unknown-linux-gnu/4.8.1/crtend.o /usr/lib/../lib64/crtn.o]
    arg [/usr/local/IT/gcc-4.8.1/libexec/gcc/x86_64-unknown-linux-gnu/4.8.1/collect2] ==> ignore
    arg [--eh-frame-hdr] ==> ignore
    arg [-m] ==> ignore
    arg [elf_x86_64] ==> ignore
    arg [-export-dynamic] ==> ignore
    arg [-dynamic-linker] ==> ignore
    arg [/lib64/ld-linux-x86-64.so.2] ==> ignore
    arg [-o] ==> ignore
    arg [cmTryCompileExec2735279724] ==> ignore
    arg [/usr/lib/../lib64/crt1.o] ==> ignore
    arg [/usr/lib/../lib64/crti.o] ==> ignore
    arg [/usr/local/IT/gcc-4.8.1/lib/gcc/x86_64-unknown-linux-gnu/4.8.1/crtbegin.o] ==> ignore
    arg [-L/usr/local/IT/gcc-4.8.1/lib/gcc/x86_64-unknown-linux-gnu/4.8.1] ==> dir [/usr/local/IT/gcc-4.8.1/lib/gcc/x86_64-unknown-linux-gnu/4.8.1]
    arg [-L/usr/local/IT/gcc-4.8.1/lib/gcc/x86_64-unknown-linux-gnu/4.8.1/../../../../lib64] ==> dir [/usr/local/IT/gcc-4.8.1/lib/gcc/x86_64-unknown-linux-gnu/4.8.1/../../../../lib64]
    arg [-L/lib/../lib64] ==> dir [/lib/../lib64]
    arg [-L/usr/lib/../lib64] ==> dir [/usr/lib/../lib64]
    arg [-L/usr/local/IT/gcc-4.8.1/lib/gcc/x86_64-unknown-linux-gnu/4.8.1/../../..] ==> dir [/usr/local/IT/gcc-4.8.1/lib/gcc/x86_64-unknown-linux-gnu/4.8.1/../../..]
    arg [CMakeFiles/cmTryCompileExec2735279724.dir/CMakeCXXCompilerABI.cpp.o] ==> ignore
    arg [-lstdc++] ==> lib [stdc++]
    arg [-lm] ==> lib [m]
    arg [-lgcc_s] ==> lib [gcc_s]
    arg [-lgcc] ==> lib [gcc]
    arg [-lc] ==> lib [c]
    arg [-lgcc_s] ==> lib [gcc_s]
    arg [-lgcc] ==> lib [gcc]
    arg [/usr/local/IT/gcc-4.8.1/lib/gcc/x86_64-unknown-linux-gnu/4.8.1/crtend.o] ==> ignore
    arg [/usr/lib/../lib64/crtn.o] ==> ignore
  remove lib [gcc_s]
  remove lib [gcc]
  remove lib [gcc_s]
  remove lib [gcc]
  collapse library dir [/usr/local/IT/gcc-4.8.1/lib/gcc/x86_64-unknown-linux-gnu/4.8.1] ==> [/usr/local/IT/gcc-4.8.1/lib/gcc/x86_64-unknown-linux-gnu/4.8.1]
  collapse library dir [/usr/local/IT/gcc-4.8.1/lib/gcc/x86_64-unknown-linux-gnu/4.8.1/../../../../lib64] ==> [/usr/local/IT/gcc-4.8.1/lib64]
  collapse library dir [/lib/../lib64] ==> [/lib64]
  collapse library dir [/usr/lib/../lib64] ==> [/usr/lib64]
  collapse library dir [/usr/local/IT/gcc-4.8.1/lib/gcc/x86_64-unknown-linux-gnu/4.8.1/../../..] ==> [/usr/local/IT/gcc-4.8.1/lib]
  implicit libs: [stdc++;m;c]
  implicit dirs: [/usr/local/IT/gcc-4.8.1/lib/gcc/x86_64-unknown-linux-gnu/4.8.1;/usr/local/IT/gcc-4.8.1/lib64;/lib64;/usr/lib64;/usr/local/IT/gcc-4.8.1/lib]
  implicit fwks: []


